# JRE version: OpenJDK Runtime Environment (11.0.15) (build 11.0.15+0-b2043.56-9505619)
# Java VM: OpenJDK 64-Bit Server VM (11.0.15+0-b2043.56-9505619, mixed mode, tiered, compressed oops, g1 gc, windows-amd64)
Heap:
 garbage-first heap   total 393216K, used 257644K [0x0000000080000000, 0x0000000100000000)
  region size 1024K, 16 young (16384K), 2 survivors (2048K)
 Metaspace       used 132186K, capacity 137672K, committed 137884K, reserved 1169408K
  class space    used 16483K, capacity 18414K, committed 18508K, reserved 1048576K
GC Heap History (20 events):
Event: 861.129 GC heap before
{Heap before GC invocations=130 (full 0):
 garbage-first heap   total 393216K, used 307403K [0x0000000080000000, 0x0000000100000000)
  region size 1024K, 54 young (55296K), 1 survivors (1024K)
 Metaspace       used 131486K, capacity 136817K, committed 136988K, reserved 1167360K
  class space    used 16416K, capacity 18327K, committed 18380K, reserved 1048576K
}
Event: 861.132 GC heap after
{Heap after GC invocations=131 (full 0):
 garbage-first heap   total 393216K, used 256592K [0x0000000080000000, 0x0000000100000000)
  region size 1024K, 4 young (4096K), 4 survivors (4096K)
 Metaspace       used 131486K, capacity 136817K, committed 136988K, reserved 1167360K
  class space    used 16416K, capacity 18327K, committed 18380K, reserved 1048576K
}
Event: 861.699 GC heap before
{Heap before GC invocations=131 (full 0):
 garbage-first heap   total 393216K, used 310864K [0x0000000080000000, 0x0000000100000000)
  region size 1024K, 58 young (59392K), 4 survivors (4096K)
 Metaspace       used 131545K, capacity 136976K, committed 137244K, reserved 1169408K
  class space    used 16421K, capacity 18332K, committed 18380K, reserved 1048576K
}
Event: 861.704 GC heap after
{Heap after GC invocations=132 (full 0):
 garbage-first heap   total 393216K, used 258071K [0x0000000080000000, 0x0000000100000000)
  region size 1024K, 5 young (5120K), 5 survivors (5120K)
 Metaspace       used 131545K, capacity 136976K, committed 137244K, reserved 1169408K
  class space    used 16421K, capacity 18332K, committed 18380K, reserved 1048576K
}
Event: 862.247 GC heap before
{Heap before GC invocations=133 (full 0):
 garbage-first heap   total 393216K, used 294470K [0x0000000080000000, 0x0000000100000000)
  region size 1024K, 62 young (63488K), 5 survivors (5120K)
 Metaspace       used 131695K, capacity 137116K, committed 137244K, reserved 1169408K
  class space    used 16430K, capacity 18334K, committed 18380K, reserved 1048576K
}
Event: 862.251 GC heap after
{Heap after GC invocations=134 (full 0):
 garbage-first heap   total 393216K, used 237040K [0x0000000080000000, 0x0000000100000000)
  region size 1024K, 4 young (4096K), 4 survivors (4096K)
 Metaspace       used 131695K, capacity 137116K, committed 137244K, reserved 1169408K
  class space    used 16430K, capacity 18334K, committed 18380K, reserved 1048576K
}
Event: 862.548 GC heap before
{Heap before GC invocations=134 (full 0):
 garbage-first heap   total 393216K, used 253424K [0x0000000080000000, 0x0000000100000000)
  region size 1024K, 19 young (19456K), 4 survivors (4096K)
 Metaspace       used 131695K, capacity 137116K, committed 137244K, reserved 1169408K
  class space    used 16430K, capacity 18334K, committed 18380K, reserved 1048576K
}
Event: 862.552 GC heap after
{Heap after GC invocations=135 (full 0):
 garbage-first heap   total 393216K, used 236509K [0x0000000080000000, 0x0000000100000000)
  region size 1024K, 3 young (3072K), 3 survivors (3072K)
 Metaspace       used 131695K, capacity 137116K, committed 137244K, reserved 1169408K
  class space    used 16430K, capacity 18334K, committed 18380K, reserved 1048576K
}
Event: 862.604 GC heap before
{Heap before GC invocations=135 (full 0):
 garbage-first heap   total 393216K, used 309213K [0x0000000080000000, 0x0000000100000000)
  region size 1024K, 74 young (75776K), 3 survivors (3072K)
 Metaspace       used 131696K, capacity 137116K, committed 137244K, reserved 1169408K
  class space    used 16430K, capacity 18334K, committed 18380K, reserved 1048576K
}
Event: 862.608 GC heap after
{Heap after GC invocations=136 (full 0):
 garbage-first heap   total 393216K, used 238284K [0x0000000080000000, 0x0000000100000000)
  region size 1024K, 5 young (5120K), 5 survivors (5120K)
 Metaspace       used 131696K, capacity 137116K, committed 137244K, reserved 1169408K
  class space    used 16430K, capacity 18334K, committed 18380K, reserved 1048576K
}
Event: 946.171 GC heap before
{Heap before GC invocations=137 (full 0):
 garbage-first heap   total 393216K, used 316108K [0x0000000080000000, 0x0000000100000000)
  region size 1024K, 79 young (80896K), 5 survivors (5120K)
 Metaspace       used 131706K, capacity 137116K, committed 137244K, reserved 1169408K
  class space    used 16430K, capacity 18334K, committed 18380K, reserved 1048576K
}
Event: 946.174 GC heap after
{Heap after GC invocations=138 (full 0):
 garbage-first heap   total 393216K, used 240765K [0x0000000080000000, 0x0000000100000000)
  region size 1024K, 8 young (8192K), 8 survivors (8192K)
 Metaspace       used 131706K, capacity 137116K, committed 137244K, reserved 1169408K
  class space    used 16430K, capacity 18334K, committed 18380K, reserved 1048576K
}
Event: 946.184 GC heap before
{Heap before GC invocations=138 (full 0):
 garbage-first heap   total 393216K, used 252029K [0x0000000080000000, 0x0000000100000000)
  region size 1024K, 19 young (19456K), 8 survivors (8192K)
 Metaspace       used 131708K, capacity 137116K, committed 137244K, reserved 1169408K
  class space    used 16430K, capacity 18334K, committed 18380K, reserved 1048576K
}
Event: 946.187 GC heap after
{Heap after GC invocations=139 (full 0):
 garbage-first heap   total 393216K, used 240029K [0x0000000080000000, 0x0000000100000000)
  region size 1024K, 1 young (1024K), 1 survivors (1024K)
 Metaspace       used 131708K, capacity 137116K, committed 137244K, reserved 1169408K
  class space    used 16430K, capacity 18334K, committed 18380K, reserved 1048576K
}
Event: 946.236 GC heap before
{Heap before GC invocations=139 (full 0):
 garbage-first heap   total 393216K, used 316829K [0x0000000080000000, 0x0000000100000000)
  region size 1024K, 76 young (77824K), 1 survivors (1024K)
 Metaspace       used 131708K, capacity 137116K, committed 137244K, reserved 1169408K
  class space    used 16430K, capacity 18334K, committed 18380K, reserved 1048576K
}
Event: 946.239 GC heap after
{Heap after GC invocations=140 (full 0):
 garbage-first heap   total 393216K, used 239597K [0x0000000080000000, 0x0000000100000000)
  region size 1024K, 1 young (1024K), 1 survivors (1024K)
 Metaspace       used 131708K, capacity 137116K, committed 137244K, reserved 1169408K
  class space    used 16430K, capacity 18334K, committed 18380K, reserved 1048576K
}
Event: 946.669 GC heap before
{Heap before GC invocations=141 (full 0):
 garbage-first heap   total 393216K, used 321517K [0x0000000080000000, 0x0000000100000000)
  region size 1024K, 80 young (81920K), 1 survivors (1024K)
 Metaspace       used 131866K, capacity 137318K, committed 137628K, reserved 1169408K
  class space    used 16451K, capacity 18382K, committed 18508K, reserved 1048576K
}
Event: 946.672 GC heap after
{Heap after GC invocations=142 (full 0):
 garbage-first heap   total 393216K, used 244472K [0x0000000080000000, 0x0000000100000000)
  region size 1024K, 6 young (6144K), 6 survivors (6144K)
 Metaspace       used 131866K, capacity 137318K, committed 137628K, reserved 1169408K
  class space    used 16451K, capacity 18382K, committed 18508K, reserved 1048576K
}
Event: 946.684 GC heap before
{Heap before GC invocations=142 (full 0):
 garbage-first heap   total 393216K, used 256760K [0x0000000080000000, 0x0000000100000000)
  region size 1024K, 19 young (19456K), 6 survivors (6144K)
 Metaspace       used 131886K, capacity 137320K, committed 137628K, reserved 1169408K
  class space    used 16455K, capacity 18382K, committed 18508K, reserved 1048576K
}
Event: 946.688 GC heap after
{Heap after GC invocations=143 (full 0):
 garbage-first heap   total 393216K, used 243826K [0x0000000080000000, 0x0000000100000000)
  region size 1024K, 1 young (1024K), 1 survivors (1024K)
 Metaspace       used 131886K, capacity 137320K, committed 137628K, reserved 1169408K
  class space    used 16455K, capacity 18382K, committed 18508K, reserved 1048576K
}

