# JRE version: OpenJDK Runtime Environment (11.0.15) (build 11.0.15+0-b2043.56-9505619)
# Java VM: OpenJDK 64-Bit Server VM (11.0.15+0-b2043.56-9505619, mixed mode, tiered, compressed oops, g1 gc, windows-amd64)
Heap:
 garbage-first heap   total 312320K, used 75141K [0x0000000703800000, 0x0000000800000000)
  region size 1024K, 29 young (29696K), 5 survivors (5120K)
 Metaspace       used 63114K, capacity 63889K, committed 64000K, reserved 1105920K
  class space    used 7308K, capacity 7609K, committed 7680K, reserved 1048576K
GC Heap History (16 events):
Event: 0.630 GC heap before
{Heap before GC invocations=0 (full 0):
 garbage-first heap   total 260096K, used 27648K [0x0000000703800000, 0x0000000800000000)
  region size 1024K, 24 young (24576K), 0 survivors (0K)
 Metaspace       used 12366K, capacity 12504K, committed 12800K, reserved 1060864K
  class space    used 1150K, capacity 1207K, committed 1280K, reserved 1048576K
}
Event: 0.633 GC heap after
{Heap after GC invocations=1 (full 0):
 garbage-first heap   total 260096K, used 5957K [0x0000000703800000, 0x0000000800000000)
  region size 1024K, 3 young (3072K), 3 survivors (3072K)
 Metaspace       used 12366K, capacity 12504K, committed 12800K, reserved 1060864K
  class space    used 1150K, capacity 1207K, committed 1280K, reserved 1048576K
}
Event: 0.989 GC heap before
{Heap before GC invocations=1 (full 0):
 garbage-first heap   total 260096K, used 43845K [0x0000000703800000, 0x0000000800000000)
  region size 1024K, 41 young (41984K), 3 survivors (3072K)
 Metaspace       used 20850K, capacity 21132K, committed 21248K, reserved 1069056K
  class space    used 2193K, capacity 2283K, committed 2304K, reserved 1048576K
}
Event: 0.995 GC heap after
{Heap after GC invocations=2 (full 0):
 garbage-first heap   total 260096K, used 9569K [0x0000000703800000, 0x0000000800000000)
  region size 1024K, 7 young (7168K), 7 survivors (7168K)
 Metaspace       used 20850K, capacity 21132K, committed 21248K, reserved 1069056K
  class space    used 2193K, capacity 2283K, committed 2304K, reserved 1048576K
}
Event: 1.694 GC heap before
{Heap before GC invocations=3 (full 0):
 garbage-first heap   total 260096K, used 67937K [0x0000000703800000, 0x0000000800000000)
  region size 1024K, 59 young (60416K), 7 survivors (7168K)
 Metaspace       used 31630K, capacity 32062K, committed 32384K, reserved 1077248K
  class space    used 3736K, capacity 3936K, committed 3968K, reserved 1048576K
}
Event: 1.706 GC heap after
{Heap after GC invocations=4 (full 0):
 garbage-first heap   total 260096K, used 22803K [0x0000000703800000, 0x0000000800000000)
  region size 1024K, 8 young (8192K), 8 survivors (8192K)
 Metaspace       used 31630K, capacity 32062K, committed 32384K, reserved 1077248K
  class space    used 3736K, capacity 3936K, committed 3968K, reserved 1048576K
}
Event: 1.933 GC heap before
{Heap before GC invocations=4 (full 0):
 garbage-first heap   total 260096K, used 34067K [0x0000000703800000, 0x0000000800000000)
  region size 1024K, 19 young (19456K), 8 survivors (8192K)
 Metaspace       used 33573K, capacity 34025K, committed 34432K, reserved 1079296K
  class space    used 4153K, capacity 4355K, committed 4480K, reserved 1048576K
}
Event: 1.940 GC heap after
{Heap after GC invocations=5 (full 0):
 garbage-first heap   total 260096K, used 24763K [0x0000000703800000, 0x0000000800000000)
  region size 1024K, 2 young (2048K), 2 survivors (2048K)
 Metaspace       used 33573K, capacity 34025K, committed 34432K, reserved 1079296K
  class space    used 4153K, capacity 4355K, committed 4480K, reserved 1048576K
}
Event: 2.036 GC heap before
{Heap before GC invocations=5 (full 0):
 garbage-first heap   total 260096K, used 28859K [0x0000000703800000, 0x0000000800000000)
  region size 1024K, 7 young (7168K), 2 survivors (2048K)
 Metaspace       used 34897K, capacity 35305K, committed 35584K, reserved 1081344K
  class space    used 4305K, capacity 4483K, committed 4608K, reserved 1048576K
}
Event: 2.038 GC heap after
{Heap after GC invocations=6 (full 0):
 garbage-first heap   total 260096K, used 24828K [0x0000000703800000, 0x0000000800000000)
  region size 1024K, 2 young (2048K), 2 survivors (2048K)
 Metaspace       used 34897K, capacity 35305K, committed 35584K, reserved 1081344K
  class space    used 4305K, capacity 4483K, committed 4608K, reserved 1048576K
}
Event: 2.868 GC heap before
{Heap before GC invocations=7 (full 0):
 garbage-first heap   total 260096K, used 94460K [0x0000000703800000, 0x0000000800000000)
  region size 1024K, 70 young (71680K), 2 survivors (2048K)
 Metaspace       used 46314K, capacity 46855K, committed 47104K, reserved 1091584K
  class space    used 5388K, capacity 5585K, committed 5632K, reserved 1048576K
}
Event: 2.876 GC heap after
{Heap after GC invocations=8 (full 0):
 garbage-first heap   total 260096K, used 32413K [0x0000000703800000, 0x0000000800000000)
  region size 1024K, 9 young (9216K), 9 survivors (9216K)
 Metaspace       used 46314K, capacity 46855K, committed 47104K, reserved 1091584K
  class space    used 5388K, capacity 5585K, committed 5632K, reserved 1048576K
}
Event: 5.371 GC heap before
{Heap before GC invocations=8 (full 0):
 garbage-first heap   total 260096K, used 123549K [0x0000000703800000, 0x0000000800000000)
  region size 1024K, 95 young (97280K), 9 survivors (9216K)
 Metaspace       used 53676K, capacity 54277K, committed 54528K, reserved 1097728K
  class space    used 6150K, capacity 6387K, committed 6400K, reserved 1048576K
}
Event: 5.406 GC heap after
{Heap after GC invocations=9 (full 0):
 garbage-first heap   total 312320K, used 46714K [0x0000000703800000, 0x0000000800000000)
  region size 1024K, 12 young (12288K), 12 survivors (12288K)
 Metaspace       used 53676K, capacity 54277K, committed 54528K, reserved 1097728K
  class space    used 6150K, capacity 6387K, committed 6400K, reserved 1048576K
}
Event: 5.858 GC heap before
{Heap before GC invocations=9 (full 0):
 garbage-first heap   total 312320K, used 76410K [0x0000000703800000, 0x0000000800000000)
  region size 1024K, 42 young (43008K), 12 survivors (12288K)
 Metaspace       used 58800K, capacity 59509K, committed 59648K, reserved 1101824K
  class space    used 6758K, capacity 7044K, committed 7168K, reserved 1048576K
}
Event: 5.873 GC heap after
{Heap after GC invocations=10 (full 0):
 garbage-first heap   total 312320K, used 51589K [0x0000000703800000, 0x0000000800000000)
  region size 1024K, 5 young (5120K), 5 survivors (5120K)
 Metaspace       used 58800K, capacity 59509K, committed 59648K, reserved 1101824K
  class space    used 6758K, capacity 7044K, committed 7168K, reserved 1048576K
}

